21.12.2024 09:29:50 [CarCover] 'CarCover.json' found, loading existing config
21.12.2024 09:29:50 [CarCover] CFTools found
21.12.2024 10:30:16 [CarCover] 'CarCover.json' found, loading existing config
21.12.2024 10:30:16 [CarCover] CFTools found
21.12.2024 13:01:26 [CarCover] 'CarCover.json' found, loading existing config
21.12.2024 13:01:26 [CarCover] CFTools found
21.12.2024 19:01:31 [CarCover] 'CarCover.json' found, loading existing config
21.12.2024 19:01:31 [CarCover] CFTools found
22.12.2024 01:02:03 [CarCover] 'CarCover.json' found, loading existing config
22.12.2024 01:02:03 [CarCover] CFTools found
22.12.2024 07:01:39 [CarCover] 'CarCover.json' found, loading existing config
22.12.2024 07:01:39 [CarCover] CFTools found
22.12.2024 13:01:28 [CarCover] 'CarCover.json' found, loading existing config
22.12.2024 13:01:28 [CarCover] CFTools found
22.12.2024 14:42:07 [CarCover] 'CarCover.json' found, loading existing config
22.12.2024 14:42:07 [CarCover] CFTools found
22.12.2024 19:01:26 [CarCover] 'CarCover.json' found, loading existing config
22.12.2024 19:01:26 [CarCover] CFTools found
23.12.2024 01:01:28 [CarCover] 'CarCover.json' found, loading existing config
23.12.2024 01:01:28 [CarCover] CFTools found
23.12.2024 07:01:39 [CarCover] 'CarCover.json' found, loading existing config
23.12.2024 07:01:39 [CarCover] CFTools found
23.12.2024 13:01:28 [CarCover] 'CarCover.json' found, loading existing config
23.12.2024 13:01:28 [CarCover] CFTools found
23.12.2024 19:01:27 [CarCover] 'CarCover.json' found, loading existing config
23.12.2024 19:01:27 [CarCover] CFTools found
23.12.2024 19:02:41 [CarCover] 'CarCover.json' found, loading existing config
23.12.2024 19:02:41 [CarCover] CFTools found
24.12.2024 01:01:34 [CarCover] 'CarCover.json' found, loading existing config
24.12.2024 01:01:34 [CarCover] CFTools found
24.12.2024 07:01:36 [CarCover] 'CarCover.json' found, loading existing config
24.12.2024 07:01:36 [CarCover] CFTools found
24.12.2024 13:01:36 [CarCover] 'CarCover.json' found, loading existing config
24.12.2024 13:01:36 [CarCover] CFTools found
24.12.2024 19:01:26 [CarCover] 'CarCover.json' found, loading existing config
24.12.2024 19:01:26 [CarCover] CFTools found
25.12.2024 01:01:25 [CarCover] 'CarCover.json' found, loading existing config
25.12.2024 01:01:25 [CarCover] CFTools found
25.12.2024 07:01:38 [CarCover] 'CarCover.json' found, loading existing config
25.12.2024 07:01:38 [CarCover] CFTools found
25.12.2024 13:01:37 [CarCover] 'CarCover.json' found, loading existing config
25.12.2024 13:01:37 [CarCover] CFTools found
25.12.2024 19:01:27 [CarCover] 'CarCover.json' found, loading existing config
25.12.2024 19:01:27 [CarCover] CFTools found
26.12.2024 01:01:25 [CarCover] 'CarCover.json' found, loading existing config
26.12.2024 01:01:25 [CarCover] CFTools found
26.12.2024 07:01:34 [CarCover] 'CarCover.json' found, loading existing config
26.12.2024 07:01:34 [CarCover] CFTools found
26.12.2024 13:01:38 [CarCover] 'CarCover.json' found, loading existing config
26.12.2024 13:01:38 [CarCover] CFTools found
26.12.2024 19:01:41 [CarCover] 'CarCover.json' found, loading existing config
26.12.2024 19:01:41 [CarCover] CFTools found
27.12.2024 01:01:30 [CarCover] 'CarCover.json' found, loading existing config
27.12.2024 01:01:30 [CarCover] CFTools found
27.12.2024 06:16:21 [CarCover] 'CarCover.json' found, loading existing config
27.12.2024 06:16:21 [CarCover] CFTools found
27.12.2024 06:33:12 [CarCover] 'CarCover.json' found, loading existing config
27.12.2024 06:33:12 [CarCover] CFTools found
27.12.2024 07:01:28 [CarCover] 'CarCover.json' found, loading existing config
27.12.2024 07:01:28 [CarCover] CFTools found
27.12.2024 08:27:42 [CarCover] 'CarCover.json' found, loading existing config
27.12.2024 08:27:42 [CarCover] CFTools found
27.12.2024 13:01:31 [CarCover] 'CarCover.json' found, loading existing config
27.12.2024 13:01:31 [CarCover] CFTools found
01.01.2025 05:27:35 [CarCover] 'CarCover.json' found, loading existing config
01.01.2025 05:27:35 [CarCover] CFTools found
01.01.2025 06:48:13 [CarCover] Player BiGGuN (76561198821201488) covered Civic_Green at <5629.539063, 172.258469, 12810.652344>
01.01.2025 12:45:29 [CarCover] 'CarCover.json' found, loading existing config
01.01.2025 12:45:29 [CarCover] CFTools found
01.01.2025 13:01:30 [CarCover] 'CarCover.json' found, loading existing config
01.01.2025 13:01:30 [CarCover] CFTools found
01.01.2025 13:06:47 [CarCover] 'CarCover.json' found, loading existing config
01.01.2025 13:06:47 [CarCover] CFTools found
01.01.2025 14:47:42 [CarCover] Player BiGGuN (76561198821201488) uncovered Civic_Green at <5629.539063, 172.258469, 12810.652344>
01.01.2025 16:57:09 [CarCover] Player viktor (76561199473322275) covered RFFSHeli_Apache at <8239.470703, 467.971161, 9085.916016>
01.01.2025 17:06:01 [CarCover] 'CarCover.json' found, loading existing config
01.01.2025 17:06:01 [CarCover] CFTools found
01.01.2025 17:08:46 [CarCover] Player viktor (76561199473322275) uncovered RFFSHeli_Apache at <8239.470703, 467.971161, 9085.916016>
01.01.2025 17:19:30 [CarCover] Player BiGGuN (76561198821201488) covered Civic_Green at <4279.693359, 177.819901, 13046.248047>
01.01.2025 17:40:37 [CarCover] Player Capal (76561198261686690) uncovered Civic_Green at <4279.693359, 177.819901, 13046.248047>
01.01.2025 18:22:37 [CarCover] Player JT (76561198006604297) covered Ford_Bronco_Hunter at <9720.908203, 28.826805, 2177.534424>
01.01.2025 18:31:59 [CarCover] Player Capal (76561198261686690) covered Ford_Bronco_Black at <5676.710449, 189.630676, 13121.512695>
01.01.2025 18:36:49 [CarCover] Player viktor (76561199473322275) covered RFFSHeli_Apache at <13484.737305, 68.764557, 12235.574219>
01.01.2025 19:01:31 [CarCover] 'CarCover.json' found, loading existing config
01.01.2025 19:01:31 [CarCover] CFTools found
01.01.2025 19:03:41 [CarCover] Player Capal (76561198261686690) uncovered Ford_Bronco_Black at <5676.710449, 189.630676, 13121.512695>
01.01.2025 19:10:26 [CarCover] Player BiGGuN (76561198821201488) covered Jeep_GladiatorF9_BOSS_camo_green at <1359.247192, 314.055908, 8615.711914>
01.01.2025 19:22:57 [CarCover] Player BiGGuN (76561198821201488) covered RFFSHeli_UH1H at <2015.709595, 228.598846, 9855.564453>
01.01.2025 19:24:23 [CarCover] Player BiGGuN (76561198821201488) uncovered RFFSHeli_UH1H at <2015.709595, 228.598846, 9855.564453>
01.01.2025 19:42:13 [CarCover] Player JT (76561198006604297) uncovered Ford_Bronco_Hunter at <9720.908203, 28.826805, 2177.534424>
01.01.2025 20:13:38 [CarCover] Player Capal (76561198261686690) covered Ford_Bronco_Black at <9377.958984, 231.372223, 14537.034180>
01.01.2025 20:28:16 [CarCover] Player JT (76561198006604297) covered Ford_Bronco_Hunter at <10679.470703, 199.636459, 13388.195313>
01.01.2025 21:32:04 [CarCover] Player viktor (76561199473322275) uncovered RFFSHeli_Apache at <13484.737305, 68.764557, 12235.574219>
01.01.2025 21:53:07 [CarCover] Player chris (76561198091038057) uncovered Ford_Bronco_Black at <9377.958984, 231.372223, 14537.034180>
01.01.2025 22:50:42 [CarCover] Player viktor (76561199473322275) covered RFFSHeli_Apache at <7910.135254, 212.395126, 13759.818359>
01.01.2025 22:52:46 [CarCover] Player chris (76561198091038057) covered Ford_Mustang_Shelby_GT500_Black at <7904.066895, 211.506790, 13743.109375>
01.01.2025 22:53:16 [CarCover] Player HonkeyKong (76561199276519557) covered ToyotaRunner_pink at <7929.979492, 211.333191, 13759.443359>
01.01.2025 22:53:41 [CarCover] Player Dezmon (76561198314002845) covered MBM_BMWM3_Lime at <7934.773926, 210.301514, 13749.837891>
01.01.2025 23:02:50 [CarCover] 'CarCover.json' found, loading existing config
01.01.2025 23:02:50 [CarCover] CFTools found
01.01.2025 23:13:02 [CarCover] Player HonkeyKong (76561199276519557) uncovered ToyotaRunner_pink at <7929.979492, 211.333191, 13759.443359>
01.01.2025 23:13:15 [CarCover] Player chris (76561198091038057) uncovered Ford_Mustang_Shelby_GT500_Black at <7904.066895, 211.506790, 13743.109375>
01.01.2025 23:14:14 [CarCover] Player chris (76561198091038057) covered Ford_Mustang_Shelby_GT500_Black at <7904.067871, 211.506744, 13743.109375>
01.01.2025 23:27:04 [CarCover] Player Dezmon (76561198314002845) uncovered MBM_BMWM3_Lime at <7934.773926, 210.301514, 13749.837891>
01.01.2025 23:27:44 [CarCover] Player viktor (76561199473322275) uncovered RFFSHeli_Apache at <7910.135254, 212.395126, 13759.818359>
01.01.2025 23:58:48 [CarCover] Player chris (76561198091038057) uncovered Ford_Mustang_Shelby_GT500_Black at <7904.067871, 211.506744, 13743.109375>
02.01.2025 00:17:04 [CarCover] Player chris (76561198091038057) covered Ford_Mustang_Shelby_GT500_Black at <7904.068848, 211.506653, 13743.109375>
02.01.2025 00:28:28 [CarCover] Player viktor (76561199473322275) covered RFFSHeli_Apache at <13447.256836, 67.699043, 12173.313477>
02.01.2025 00:28:51 [CarCover] Player chris (76561198091038057) uncovered Ford_Mustang_Shelby_GT500_Black at <7904.068848, 211.506653, 13743.109375>
02.01.2025 00:30:56 [CarCover] Player chris (76561198091038057) covered Ford_Mustang_Shelby_GT500_Black at <7904.069824, 211.506638, 13743.109375>
02.01.2025 00:41:31 [CarCover] Player chris (76561198091038057) uncovered Ford_Mustang_Shelby_GT500_Black at <7904.069824, 211.506638, 13743.109375>
02.01.2025 00:50:31 [CarCover] Player Dezmon (76561198314002845) covered MBM_BMWM3_Lime at <7912.788086, 210.682343, 13739.753906>
02.01.2025 00:50:32 [CarCover] Player BiggestPancake (76561198098604654) covered MBM_LandCruiser_Grey at <7894.815430, 213.864578, 13776.165039>
02.01.2025 00:50:49 [CarCover] Player chris (76561198091038057) covered Ford_Mustang_Shelby_GT500_Black at <7904.070801, 211.506577, 13743.109375>
02.01.2025 00:51:57 [CarCover] Player Dezmon (76561198314002845) uncovered MBM_BMWM3_Lime at <7912.788086, 210.682343, 13739.753906>
02.01.2025 00:52:26 [CarCover] Player Dezmon (76561198314002845) covered MBM_BMWM3_Lime at <7912.802734, 210.680237, 13739.736328>
02.01.2025 01:01:32 [CarCover] 'CarCover.json' found, loading existing config
02.01.2025 01:01:32 [CarCover] CFTools found
02.01.2025 01:46:17 [CarCover] Player BiggestPancake (76561198098604654) uncovered MBM_LandCruiser_Grey at <7894.815430, 213.864578, 13776.165039>
02.01.2025 01:47:05 [CarCover] Player BiggestPancake (76561198098604654) covered MBM_LandCruiser_Grey at <7894.830566, 213.863464, 13776.157227>
02.01.2025 02:12:53 [CarCover] Player viktor (76561199473322275) uncovered RFFSHeli_Apache at <13447.256836, 67.699043, 12173.313477>
02.01.2025 02:39:36 [CarCover] Player viktor (76561199473322275) covered RFFSHeli_Apache at <13457.248047, 67.084984, 12180.825195>
02.01.2025 02:58:15 [CarCover] Player viktor (76561199473322275) uncovered RFFSHeli_Apache at <13457.248047, 67.084984, 12180.825195>
02.01.2025 02:59:07 [CarCover] Player viktor (76561199473322275) covered RFFSHeli_Apache at <13457.261719, 67.084206, 12180.819336>
02.01.2025 03:08:59 [CarCover] Player Dezmon (76561198314002845) uncovered MBM_BMWM3_Lime at <7912.802734, 210.680237, 13739.736328>
02.01.2025 03:10:55 [CarCover] Player Dezmon (76561198314002845) covered MBM_BMWM3_Lime at <7912.816895, 210.678055, 13739.718750>
02.01.2025 03:39:25 [CarCover] Player HonkeyKong (76561199276519557) covered ToyotaRunner_pink at <7945.967285, 211.957123, 13777.220703>
02.01.2025 03:56:34 [CarCover] Player viktor (76561199473322275) uncovered RFFSHeli_Apache at <13457.261719, 67.084206, 12180.819336>
02.01.2025 04:51:15 [CarCover] Player viktor (76561199473322275) covered RFFSHeli_Apache at <13454.837891, 67.395859, 12181.430664>
02.01.2025 05:16:02 [CarCover] Player OFC. Curtis (76561199584974979) uncovered MBM_BMWM3_Lime at <7912.816895, 210.678055, 13739.718750>
02.01.2025 05:16:45 [CarCover] Player OFC. Curtis (76561199584974979) covered MBM_BMWM3_Lime at <7912.831055, 210.675888, 13739.701172>
02.01.2025 05:17:09 [CarCover] Player OFC. Curtis (76561199584974979) uncovered ToyotaRunner_pink at <7945.967285, 211.957123, 13777.220703>
02.01.2025 05:18:16 [CarCover] Player OFC. Curtis (76561199584974979) covered ToyotaRunner_pink at <7945.968750, 211.956970, 13777.219727>
02.01.2025 05:18:35 [CarCover] Player OFC. Curtis (76561199584974979) uncovered Ford_Mustang_Shelby_GT500_Black at <7904.070801, 211.506577, 13743.109375>
02.01.2025 05:19:06 [CarCover] Player OFC. Curtis (76561199584974979) covered Ford_Mustang_Shelby_GT500_Black at <7904.071777, 211.506531, 13743.109375>
02.01.2025 07:01:42 [CarCover] 'CarCover.json' found, loading existing config
02.01.2025 07:01:42 [CarCover] CFTools found
02.01.2025 09:07:44 [CarCover] 'CarCover.json' found, loading existing config
02.01.2025 09:07:44 [CarCover] CFTools found
02.01.2025 09:13:04 [CarCover] 'CarCover.json' found, loading existing config
02.01.2025 09:13:04 [CarCover] CFTools found
02.01.2025 09:34:53 [CarCover] Player BiGGuN (76561198821201488) covered RFFSHeli_S76 at <503.994476, 368.657715, 9808.703125>
02.01.2025 09:36:53 [CarCover] Player BiGGuN (76561198821201488) covered RFFSHeli_S76 at <795.706421, 319.650818, 9580.348633>
02.01.2025 09:41:18 [CarCover] Player BiGGuN (76561198821201488) covered RFFSHeli_UH1H_Combat at <807.758606, 322.411774, 9604.756836>
02.01.2025 09:41:36 [CarCover] Player BiGGuN (76561198821201488) uncovered RFFSHeli_UH1H_Combat at <807.758606, 322.411774, 9604.756836>
02.01.2025 09:42:41 [CarCover] Player BiGGuN (76561198821201488) covered RFFSHeli_AS350 at <813.239319, 323.295135, 9614.626953>
02.01.2025 09:57:18 [CarCover] 'CarCover.json' found, loading existing config
02.01.2025 09:57:18 [CarCover] CFTools found
02.01.2025 10:05:13 [CarCover] 'CarCover.json' found, loading existing config
02.01.2025 10:05:13 [CarCover] CFTools found
02.01.2025 10:08:23 [CarCover] Player BiGGuN (76561198821201488) covered RFFSHeli_S76 at <825.182739, 325.928497, 9643.052734>
02.01.2025 10:12:39 [CarCover] Player BiggestPancake (76561198098604654) uncovered MBM_LandCruiser_Grey at <7894.830566, 213.863464, 13776.157227>
02.01.2025 10:27:46 [CarCover] 'CarCover.json' found, loading existing config
02.01.2025 10:27:46 [CarCover] CFTools found
02.01.2025 12:40:24 [CarCover] Player Capal (76561198261686690) covered Ford_Bronco_Black at <9616.291016, 247.665848, 11972.419922>
02.01.2025 12:44:33 [CarCover] Player Capal (76561198261686690) uncovered Ford_Bronco_Black at <9616.291016, 247.665848, 11972.419922>
02.01.2025 12:47:31 [CarCover] Player Capal (76561198261686690) covered Ford_Bronco_Black at <9141.864258, 262.908997, 11029.648438>
02.01.2025 12:56:42 [CarCover] Player The Ghost (76561199593368705) uncovered MBM_BMWM3_Lime at <7912.831055, 210.675888, 13739.701172>
02.01.2025 12:56:58 [CarCover] Player The Ghost (76561199593368705) covered MBM_BMWM3_Lime at <7912.845703, 210.673813, 13739.683594>
02.01.2025 12:57:09 [CarCover] Player The Ghost (76561199593368705) uncovered Ford_Mustang_Shelby_GT500_Black at <7904.071777, 211.506531, 13743.109375>
02.01.2025 12:57:21 [CarCover] Player The Ghost (76561199593368705) covered Ford_Mustang_Shelby_GT500_Black at <7904.072754, 211.506470, 13743.109375>
02.01.2025 12:57:44 [CarCover] Player The Ghost (76561199593368705) uncovered ToyotaRunner_pink at <7945.968750, 211.956970, 13777.219727>
02.01.2025 12:58:58 [CarCover] Player The Ghost (76561199593368705) covered ToyotaRunner_pink at <7945.970215, 211.956833, 13777.218750>
02.01.2025 13:01:32 [CarCover] 'CarCover.json' found, loading existing config
02.01.2025 13:01:32 [CarCover] CFTools found
02.01.2025 13:03:06 [CarCover] Player Capal (76561198261686690) uncovered Ford_Bronco_Black at <9141.864258, 262.908997, 11029.648438>
02.01.2025 13:06:50 [CarCover] Player JT (76561198006604297) uncovered Ford_Bronco_Hunter at <10679.470703, 199.636459, 13388.195313>
02.01.2025 14:08:09 [CarCover] Player BiggestPancake (76561198098604654) covered MBM_LandCruiser_Grey at <7859.072754, 215.348663, 13775.346680>
02.01.2025 14:12:16 [CarCover] Player JT (76561198006604297) covered Ford_Bronco_Hunter at <8188.382324, 451.706940, 9315.471680>
02.01.2025 14:19:40 [CarCover] Player Capal (76561198261686690) covered Ford_Bronco_Black at <6888.394531, 303.312866, 8035.342285>
02.01.2025 14:29:08 [CarCover] Player BiggestPancake (76561198098604654) uncovered MBM_LandCruiser_Grey at <7859.072754, 215.348663, 13775.346680>
02.01.2025 14:30:19 [CarCover] Player viktor (76561199473322275) uncovered RFFSHeli_Apache at <13454.837891, 67.395859, 12181.430664>
02.01.2025 14:39:59 [CarCover] Player viktor (76561199473322275) covered RFFSHeli_Apache at <13441.416992, 83.483131, 13001.281250>
02.01.2025 15:13:21 [CarCover] Player Dezmon (76561198314002845) uncovered MBM_BMWM3_Lime at <7912.845703, 210.673813, 13739.683594>
02.01.2025 15:18:47 [CarCover] Player viktor (76561199473322275) uncovered RFFSHeli_Apache at <13441.416992, 83.483131, 13001.281250>
02.01.2025 15:23:38 [CarCover] Player chris (76561198091038057) uncovered Ford_Mustang_Shelby_GT500_Black at <7904.072754, 211.506470, 13743.109375>
02.01.2025 15:30:30 [CarCover] Player The Ghost (76561199593368705) uncovered ToyotaRunner_pink at <7945.970215, 211.956833, 13777.218750>
02.01.2025 15:32:53 [CarCover] Player Dezmon (76561198314002845) covered MBM_BMWM3_Lime at <7912.859863, 210.671646, 13739.666016>
02.01.2025 15:36:46 [CarCover] Player viktor (76561199473322275) covered RFFSHeli_Apache at <13450.818359, 67.160324, 12173.221680>
02.01.2025 15:37:52 [CarCover] Player viktor (76561199473322275) uncovered RFFSHeli_Apache at <13450.818359, 67.160324, 12173.221680>
02.01.2025 15:38:27 [CarCover] Player viktor (76561199473322275) covered RFFSHeli_Apache at <13450.857422, 67.152748, 12173.200195>
02.01.2025 15:42:44 [CarCover] 'CarCover.json' found, loading existing config
02.01.2025 15:42:44 [CarCover] CFTools found
02.01.2025 16:00:29 [CarCover] Player viktor (76561199473322275) uncovered RFFSHeli_Apache at <13450.857422, 67.152748, 12173.200195>
02.01.2025 17:03:11 [CarCover] Player Dezmon (76561198314002845) uncovered MBM_BMWM3_Lime at <7912.859863, 210.671646, 13739.666016>
